[2015.08.04-10.16.20:823][  0]Log file open, 08/04/15 12:16:20
[2015.08.04-10.16.20:823][  0]LogInit:Display: Running engine for game: MyProject2
[2015.08.04-10.16.20:823][  0]LogInit:Display: RandInit(-1037104116) SRandInit(-1037104115).
[2015.08.04-10.16.20:823][  0]LogTaskGraph: Started task graph with 4 named threads and 7 total threads.
[2015.08.04-10.16.20:823][  0]LogStats: Stats thread started
[2015.08.04-10.16.20:823][  0]LogInit: Version: 4.8.3-2634408+++depot+UE4-Releases+4.8
[2015.08.04-10.16.20:823][  0]LogInit: API Version: 2579680
[2015.08.04-10.16.20:823][  0]LogInit: Compiled (64-bit): Jul 27 2015 16:24:33
[2015.08.04-10.16.20:823][  0]LogInit: Compiled with Visual C++: 18.00.21005.01
[2015.08.04-10.16.20:823][  0]LogInit: Build Configuration: Development
[2015.08.04-10.16.20:823][  0]LogInit: Branch Name: ++depot+UE4-Releases+4.8
[2015.08.04-10.16.20:823][  0]LogInit: Command line: 
[2015.08.04-10.16.20:823][  0]LogInit: Base directory: D:/Programme/Unreal Engine/Epic Games/4.8/Engine/Binaries/Win64/
[2015.08.04-10.16.20:823][  0]LogInit: Rocket: 1
[2015.08.04-10.16.20:830][  0]LogInit: Using libcurl 7.41.0
[2015.08.04-10.16.20:830][  0]LogInit:  - built for x86_64-pc-win32
[2015.08.04-10.16.20:830][  0]LogInit:  - supports SSL with WinSSL
[2015.08.04-10.16.20:830][  0]LogInit:  - other features:
[2015.08.04-10.16.20:830][  0]LogInit:      CURL_VERSION_SSL
[2015.08.04-10.16.20:830][  0]LogInit:      CURL_VERSION_IPV6
[2015.08.04-10.16.20:830][  0]LogInit:      CURL_VERSION_ASYNCHDNS
[2015.08.04-10.16.20:830][  0]LogInit:      CURL_VERSION_LARGEFILE
[2015.08.04-10.16.20:830][  0]LogInit:      CURL_VERSION_IDN
[2015.08.04-10.16.20:830][  0]LogInit:  CurlRequestOptions (configurable via config and command line):
[2015.08.04-10.16.20:830][  0]LogInit:  - bVerifyPeer = true  - Libcurl will verify peer certificate
[2015.08.04-10.16.20:830][  0]LogInit:  - bUseHttpProxy = false  - Libcurl will NOT use HTTP proxy
[2015.08.04-10.16.20:830][  0]LogInit:  - bDontReuseConnections = false  - Libcurl will reuse connections
[2015.08.04-10.16.20:830][  0]LogInit:  - CertBundlePath = nullptr  - Libcurl will use whatever was configured at build time.
[2015.08.04-10.16.20:838][  0]LogOnline:Warning: No default platform service specified for OnlineSubsystem
[2015.08.04-10.16.20:846][  0]LogInit: Presizing for 0 objects not considered by GC, pre-allocating 0 bytes.
[2015.08.04-10.16.20:852][  0]LogInit: Object subsystem initialized
[2015.08.04-10.16.20:856][  0]LogInit: Selected Device Profile: [Windows]
[2015.08.04-10.16.20:856][  0]LogInit: Applying CVar settings loaded from the selected device profile: [Windows]
[2015.08.04-10.16.20:860][  0]LogInit: Computer: CHRISTIANPC
[2015.08.04-10.16.20:860][  0]LogInit: User: Christian
[2015.08.04-10.16.20:860][  0]LogInit: CPU Page size=4096, Cores=4
[2015.08.04-10.16.20:860][  0]LogInit: High frequency timer resolution =3.320312 MHz
[2015.08.04-10.16.20:860][  0]LogMemory: Memory total: Physical=15.9GB (16GB approx)
[2015.08.04-10.16.20:860][  0]LogMemory: Platform Memory Stats for Windows
[2015.08.04-10.16.20:860][  0]LogMemory: Process Physical Memory: 49.63 MB used, 49.63 MB peak
[2015.08.04-10.16.20:860][  0]LogMemory: Process Virtual Memory: 22.66 MB used, 22.66 MB peak
[2015.08.04-10.16.20:860][  0]LogMemory: Physical Memory: 5517.65 MB used, 16271.14 MB total
[2015.08.04-10.16.20:860][  0]LogMemory: Virtual Memory: 312.64 MB used, 134217728.00 MB total
[2015.08.04-10.16.20:887][  0]LogTextLocalizationManager: The requested culture ('de_DE') has no localization data; falling back to 'en' for localization and internationalization data.
[2015.08.04-10.16.21:072][  0]LogTextLocalizationManager:Warning: Loaded localization resources contain conflicting entries for (Namespace:ContentBrowser, Key:ImportAssetToolTip):
Localization Resource: (D:/Programme/Unreal Engine/Epic Games/4.8/Engine/Content/Localization/Editor/en/Editor.locres) Source String Hash: (-630476809) Localized String: (Import to {0}...)
Localization Resource: (D:/Programme/Unreal Engine/Epic Games/4.8/Engine/Content/Localization/Editor/en/Editor.locres) Source String Hash: (1271782899) Localized String: (Imports an asset from file to this folder.)
[2015.08.04-10.16.21:444][  0]LogD3D11RHI: Found D3D11 adapter 0: NVIDIA GeForce GTX 770 (Feature Level 11_0)
[2015.08.04-10.16.21:444][  0]LogD3D11RHI: Adapter has 1989MB of dedicated video memory, 0MB of dedicated system memory, and 8135MB of shared system memory, 2 output[s]
[2015.08.04-10.16.21:449][  0]LogD3D11RHI: Found D3D11 adapter 1: Intel(R) HD Graphics 4600 (Feature Level 11_0)
[2015.08.04-10.16.21:449][  0]LogD3D11RHI: Adapter has 112MB of dedicated video memory, 0MB of dedicated system memory, and 8135MB of shared system memory, 0 output[s]
[2015.08.04-10.16.21:450][  0]LogD3D11RHI: Found D3D11 adapter 2: Microsoft Basic Render Driver (Feature Level 11_0)
[2015.08.04-10.16.21:450][  0]LogD3D11RHI: Adapter has 0MB of dedicated video memory, 0MB of dedicated system memory, and 8135MB of shared system memory, 0 output[s]
[2015.08.04-10.16.21:450][  0]LogD3D11RHI: Chosen D3D11 Adapter Id = 0
[2015.08.04-10.16.21:453][  0]LogD3D11RHI: InitD3DDevice
[2015.08.04-10.16.21:453][  0]LogD3D11RHI: !Direct3DDevice
[2015.08.04-10.16.21:453][  0]LogRHI: Texture pool is 1361 MB (70% of 1945 MB)
[2015.08.04-10.16.21:463][  0]LogD3D11RHI: Async texture creation enabled
[2015.08.04-10.16.21:479][  0]LogShaderCompilers:Display: Using Local Shader Compiler.
[2015.08.04-10.16.22:069][  0]LogTemp:Display: Loaded TP DesktopTargetPlatform
[2015.08.04-10.16.22:078][  0]LogTemp:Display: Loaded TP WindowsClientTargetPlatform
[2015.08.04-10.16.22:087][  0]LogTemp:Display: Loaded TP WindowsNoEditorTargetPlatform
[2015.08.04-10.16.22:096][  0]LogTemp:Display: Loaded TP WindowsServerTargetPlatform
[2015.08.04-10.16.22:106][  0]LogTemp:Display: Loaded TP WindowsTargetPlatform
[2015.08.04-10.16.22:114][  0]LogTemp:Display: Loaded TP AndroidTargetPlatform
[2015.08.04-10.16.22:122][  0]LogTemp:Display: Loaded TP Android_ASTCTargetPlatform
[2015.08.04-10.16.22:129][  0]LogTemp:Display: Loaded TP Android_ATCTargetPlatform
[2015.08.04-10.16.22:137][  0]LogTemp:Display: Loaded TP Android_DXTTargetPlatform
[2015.08.04-10.16.22:145][  0]LogTemp:Display: Loaded TP Android_ETC1TargetPlatform
[2015.08.04-10.16.22:153][  0]LogTemp:Display: Loaded TP Android_ETC2TargetPlatform
[2015.08.04-10.16.22:161][  0]LogTemp:Display: Loaded TP Android_PVRTCTargetPlatform
[2015.08.04-10.16.22:195][  0]LogTemp:Display: Loaded TP IOSTargetPlatform
[2015.08.04-10.16.22:202][  0]LogTemp:Display: Loaded TP LinuxNoEditorTargetPlatform
[2015.08.04-10.16.22:210][  0]LogTemp:Display: Loaded TP LinuxServerTargetPlatform
[2015.08.04-10.16.22:220][  0]LogTemp:Display: Loaded TP LinuxTargetPlatform
[2015.08.04-10.16.22:220][  0]LogTargetPlatformManager:Display: Building Assets For Windows
[2015.08.04-10.16.22:348][  0]LogDerivedDataCache:Display: Max Cache Size: 512 MB
[2015.08.04-10.16.22:390][  0]LogDerivedDataCache: Loaded boot cache 0.04s 53MB C:/Users/Christian/AppData/Local/UnrealEngine/4.8/DerivedDataCache/Boot.ddc.
[2015.08.04-10.16.22:390][  0]LogDerivedDataCache:Display: Loaded Boot cache: C:/Users/Christian/AppData/Local/UnrealEngine/4.8/DerivedDataCache/Boot.ddc
[2015.08.04-10.16.22:390][  0]LogDerivedDataCache: FDerivedDataBackendGraph:  Pak pak cache file ../../../../../../../Dokumente/Unreal Projects/MyProject2/DerivedDataCache/DDC.ddp not found, will not use a pak cache.
[2015.08.04-10.16.22:390][  0]LogDerivedDataCache: Unable to find inner node Pak for hierarchical cache Hierarchy.
[2015.08.04-10.16.22:390][  0]LogDerivedDataCache: FDerivedDataBackendGraph:  CompressedPak pak cache file ../../../../../../../Dokumente/Unreal Projects/MyProject2/DerivedDataCache/Compressed.ddp not found, will not use a pak cache.
[2015.08.04-10.16.22:390][  0]LogDerivedDataCache: Unable to find inner node CompressedPak for hierarchical cache Hierarchy.
[2015.08.04-10.16.22:509][  0]LogDerivedDataCache:Display: Pak cache opened for reading ../../../Engine/DerivedDataCache/Compressed.ddp.
[2015.08.04-10.16.22:521][  0]LogDerivedDataCache: Using Local data cache path C:/Users/Christian/AppData/Local/UnrealEngine/Common/DerivedDataCache: Writable
[2015.08.04-10.16.22:678][  0]LogInit: Selected Device Profile: [Windows]
[2015.08.04-10.16.22:745][  0]ImportText (ComponentSweepMultiTests): Missing closing parenthesis: (RootShapeAsset="/Engine/BasicShapes/Cube.Cube",ShapeType="TriggerCapsule",HitResult=(Time=0.50,Location=(X=-100.000015,Y=0.0,Z=100.000015),ImpactPoint=(X=-50.0,Y=0.0,Z=50.0),Normal=(X=-1.0,Y=-0.0,Z=0.0),ImpactNormal=(X=0.0,Y=0.0,Z=1.0),TraceStart=(X=-200.0,Y=0.0,Z=200.0),TraceEnd=(X=0.0,Y=0.0,Z=0.0))
[2015.08.04-10.16.22:745][  0]ImportText (LineTraceSingleByChannelTests): Missing closing parenthesis: (RootShapeAsset="/Engine/BasicShapes/Cube.Cube",HitResult=(Time=0.50,Location=(X=-100.000015,Y=0.0,Z=100.000015),ImpactPoint=(X=-50.0,Y=0.0,Z=50.0),Normal=(X=-1.0,Y=-0.0,Z=0.0),ImpactNormal=(X=0.0,Y=0.0,Z=1.0),TraceStart=(X=-200.0,Y=0.0,Z=200.0),TraceEnd=(X=0.0,Y=0.0,Z=0.0))
[2015.08.04-10.16.22:763][  0]LogMeshUtilities: No automatic mesh reduction module available
[2015.08.04-10.16.22:763][  0]LogMeshUtilities: No automatic mesh merging module available
[2015.08.04-10.16.23:004][  0]LogInit: WinSock: version 1.1 (2.2), MaxSocks=32767, MaxUdp=65467
[2015.08.04-10.16.23:772][  0]UdpMessaging: Initializing bridge on interface 0.0.0.0:0 to multicast group 230.0.0.1:6666.
[2015.08.04-10.16.24:019][  0]SourceControl: Info Source control is disabled
[2015.08.04-10.16.24:027][  0]SourceControl: Info Source control is disabled
[2015.08.04-10.16.24:033][  0]SourceControl: Info Source control is disabled
[2015.08.04-10.16.24:040][  0]SourceControl: Info Source control is disabled
[2015.08.04-10.16.24:184][  0]LogObj: 26273 objects as part of root set at end of initial load.
[2015.08.04-10.16.24:184][  0]LogUObjectAllocator: 5409248 out of 0 bytes used by permanent object pool.
[2015.08.04-10.16.24:237][  0]LogEngine: Initializing Engine...
[2015.08.04-10.16.24:238][  0]LogHMD: Can't find Oculus library dev build: is proper Runtime installed? Version: 0.6.0.0
[2015.08.04-10.16.24:239][  0]LogHMD:Warning: SteamVR failed to initialize.  Error: 110
[2015.08.04-10.16.24:342][  0]LogAIModule: Creating AISystem for world NewWorld
[2015.08.04-10.16.24:349][  0]LogInit: XAudio2 using 'Lautsprecher (Logitech G930 Headset)' : 8 channels at 48 kHz using 16 bits per sample (channel mask 0x63f)
[2015.08.04-10.16.24:360][  0]LogInit: FAudioDevice initialized.
[2015.08.04-10.16.24:381][  0]LogDerivedDataCache: Saved boot cache 0.02s 53MB C:/Users/Christian/AppData/Local/UnrealEngine/4.8/DerivedDataCache/Boot.ddc.
[2015.08.04-10.16.24:384][  0]LogInit: Texture streaming: Disabled
[2015.08.04-10.16.24:399][  0]LogAnalytics: Creating configured Analytics provider AnalyticsET
[2015.08.04-10.16.24:399][  0]LogAnalytics: [UEEditor.Rocket.Release] APIServer = http://et2.epicgames.com/ET2/. AppVersion = 4.8.3-2634408+++depot+UE4-Releases+4.8
[2015.08.04-10.16.24:399][  0]LogAnalytics: [UEEditor.Rocket.Release] SetUserId 1e2c4c2545037d94525ff1aad53a5437|4b1f83a8007f493399540a889d0c07fb|d37f3bce-eb80-4933-8bc2-2cc442ffaebf
[2015.08.04-10.16.24:399][  0]LogAnalytics: [UEEditor.Rocket.Release] AnalyticsET::StartSession
[2015.08.04-10.16.24:417][  0]LogInit: Transaction tracking system initialized
[2015.08.04-10.16.24:494][  0]BlueprintLog: New page: Editor Load
[2015.08.04-10.16.24:519][  0]LogAssetRegistry: FAssetRegistry took 0.0107 seconds to start up
[2015.08.04-10.16.24:519][  0]LogDirectoryWatcher:Warning: Failed to begin reading directory changes for ../../../Engine/Plugins/Experimental/CharacterAI/Content/. Error: 0
[2015.08.04-10.16.25:687][  0]LogConsoleManager:Warning: Console variable 'r.VSync' wasn't set ('GameSetting' has a lower priority than 'SystemSettingsIni')
[2015.08.04-10.16.25:687][  0]LogConsoleResponse:Display: 
[2015.08.04-10.16.25:886][  0]LogCook:Display: Done creating registry. It took  0.00s.
[2015.08.04-10.16.26:010][  0]SourceControl: Info Source control is disabled
[2015.08.04-10.16.26:010][  0]Cmd: MAP LOAD FILE="../../../Engine/Content/Maps/Templates/Template_Default.umap" TEMPLATE=1 SHOWPROGRESS=1 FEATURELEVEL=3
[2015.08.04-10.16.26:010][  0]LightingResults: New page: Lighting Build
[2015.08.04-10.16.26:018][  0]MapCheck: New page: Map Check
[2015.08.04-10.16.26:018][  0]LightingResults: New page: Lighting Build
[2015.08.04-10.16.26:025][  0]LogParticles: Destroying 0 GPU particle simulations for FXSystem 0x0000003A68FC8B80
[2015.08.04-10.16.26:319][  0]LogAIModule: Creating AISystem for world Untitled_1
[2015.08.04-10.16.26:324][  0]LogEditorServer: Finished looking for orphan Actors (0.000 secs)
[2015.08.04-10.16.26:330][  0]Cmd: MAP CHECKDEP NOCLEARLOG
[2015.08.04-10.16.26:372][  0]MapCheck: Info Map check complete: 0 Error(s), 0 Warning(s), took 42.052ms to complete.
[2015.08.04-10.16.26:372][  0]LogFileHelpers: Loading map 'Template_Default' took 0.363
[2015.08.04-10.16.27:321][  0]LogCollectionManager: Loaded 0 collections in 0.002472 seconds
[2015.08.04-10.16.27:352][  0]LogContentBrowser: Native class hierarchy populated in 0.0296 seconds. Added 1792 classes and 301 folders.
[2015.08.04-10.16.27:874][  0]LogContentBrowser: Native class hierarchy updated for 'WidgetCarousel' in 0.0009 seconds. Added 0 classes and 0 folders.
[2015.08.04-10.16.29:116][  0]LogContentBrowser: Native class hierarchy updated for 'AddContentDialog' in 0.0008 seconds. Added 0 classes and 0 folders.
[2015.08.04-10.16.29:261][  0]LogContentBrowser: Native class hierarchy updated for 'SceneOutliner' in 0.0005 seconds. Added 1 classes and 2 folders.
[2015.08.04-10.16.30:263][  0]LogCrashTracker: Crashtracker disabled due to settings.
[2015.08.04-10.16.30:358][  0]LogD3D11RHI: InitD3DDevice
[2015.08.04-10.16.30:365][  0]LogUObjectGlobals:Warning: Failed to find object 'Class None.'
[2015.08.04-10.16.30:409][  0]LogLoad: Full Startup: 10.55 seconds (BP compile: 0.08 seconds)
[2015.08.04-10.16.30:744][  0]LogWindowsTextInputMethodSystem:Display: IME system now deactivated.
[2015.08.04-10.16.31:054][  0]LogContentStreaming: Texture pool size is 0.000000MB
[2015.08.04-10.16.31:076][  0]LogContentStreaming: Texture pool size now 1000 MB
[2015.08.04-10.16.31:389][  0]LogRenderer: Reallocating scene render targets to support 1208x576 (Frame:2).
[2015.08.04-10.16.32:842][  5]LogAssetRegistry: Asset discovery search completed in 8.3334 seconds
[2015.08.04-10.17.43:336][772]LogEditorViewport: Clicking on Actor (context menu): StaticMeshActor (Floor)
[2015.08.04-10.17.43:928][772]LogD3D11RHI: InitD3DDevice
[2015.08.04-10.17.43:972][772]LogEditorViewport: Clicking on Actor (LMB): BP_Sky_Sphere_C (Sky Sphere)
[2015.08.04-10.17.54:946][ 57]LogD3D11RHI: InitD3DDevice
[2015.08.04-10.17.55:719][149]LogEditorViewport: Clicking on Actor (LMB): StaticMeshActor (Floor)
[2015.08.04-10.17.57:139][309]LogEditorViewport: Clicking on Actor (LMB): StaticMeshActor (Floor)
[2015.08.04-10.17.57:565][359]LogEditorViewport: Clicking on Actor (LMB): StaticMeshActor (Floor)
[2015.08.04-10.18.42:481][464]LogD3D11RHI: InitD3DDevice
[2015.08.04-10.18.42:537][464]LogActorFactory: Actor Factory created Cube
[2015.08.04-10.18.43:696][589]LogActorFactory: Actor Factory created Cube
[2015.08.04-10.18.49:866][323]LogEditorViewport: Clicking on Actor (LMB): StaticMeshActor (Floor)
[2015.08.04-10.18.50:829][435]LogEditorViewport: Clicking on Actor (LMB): StaticMeshActor (Cube)
[2015.08.04-10.19.17:367][608]Cmd: EDIT COPY
[2015.08.04-10.19.17:659][610]Cmd: EDIT PASTE
[2015.08.04-10.19.48:081][237]LogEditorViewport: Clicking on Actor (LMB): StaticMeshActor (Cube)
[2015.08.04-10.20.21:846][268]LogEditorViewport: Clicking on Actor (LMB): StaticMeshActor (Floor)
[2015.08.04-10.20.31:561][426]LogD3D11RHI: InitD3DDevice
[2015.08.04-10.20.31:610][431]LogActorFactory: Actor Factory created Cube
[2015.08.04-10.20.32:945][590]LogActorFactory: Actor Factory created Cube
[2015.08.04-10.21.06:592][603]LogEditorViewport: Clicking on Actor (LMB): StaticMeshActor (Cube3)
[2015.08.04-10.21.36:419][171]LogD3D11RHI: InitD3DDevice
[2015.08.04-10.21.39:577][546]LogD3D11RHI: InitD3DDevice
[2015.08.04-10.21.40:469][652]LogD3D11RHI: InitD3DDevice
[2015.08.04-10.21.42:743][923]LogD3D11RHI: InitD3DDevice
[2015.08.04-10.21.42:951][947]LogD3D11RHI: InitD3DDevice
[2015.08.04-10.21.43:235][979]LogD3D11RHI: InitD3DDevice
[2015.08.04-10.21.43:768][ 41]LogD3D11RHI: InitD3DDevice
[2015.08.04-10.21.45:402][236]LogD3D11RHI: InitD3DDevice
[2015.08.04-10.21.45:460][241]LogD3D11RHI: InitD3DDevice
[2015.08.04-10.21.45:818][283]LogD3D11RHI: InitD3DDevice
[2015.08.04-10.21.46:843][401]LogD3D11RHI: InitD3DDevice
[2015.08.04-10.22.02:353][193]LogEditorViewport: Clicking on Actor (LMB): StaticMeshActor (Cube3)
[2015.08.04-10.22.26:964][140]Cmd: EDIT COPY
[2015.08.04-10.22.27:382][190]Cmd: EDIT PASTE
[2015.08.04-10.23.02:182][347]Cmd: EDIT COPY
[2015.08.04-10.23.02:486][383]Cmd: EDIT PASTE
[2015.08.04-10.23.18:608][307]LogD3D11RHI: InitD3DDevice
[2015.08.04-10.23.18:723][320]LogActorFactory: Actor Factory created Cube
[2015.08.04-10.23.20:259][498]LogActorFactory: Actor Factory created Cube
[2015.08.04-10.24.46:423][784]Cmd: EDIT COPY
[2015.08.04-10.24.46:925][844]Cmd: EDIT PASTE
[2015.08.04-10.25.32:806][334]LogEditorViewport: Clicking on Actor (LMB): StaticMeshActor (Cube)
[2015.08.04-10.25.51:985][576]LogEditorViewport: Clicking on Actor (LMB): StaticMeshActor (Abtrennung Startrampe)
[2015.08.04-10.25.53:243][724]Cmd: EDIT COPY
[2015.08.04-10.25.53:526][758]Cmd: EDIT PASTE
[2015.08.04-10.26.06:971][362]LogEditorViewport: Clicking on Actor (LMB): BP_Sky_Sphere_C (Sky Sphere)
[2015.08.04-10.26.08:301][519]LogEditorViewport: Clicking on Actor (LMB): StaticMeshActor (Abtrennung Startrampe4)
[2015.08.04-10.26.31:532][291]LogEditorViewport: Clicking on Actor (LMB): BP_Sky_Sphere_C (Sky Sphere)
[2015.08.04-10.26.37:578][ 11]LogEditorViewport: Clicking on Actor (LMB): StaticMeshActor (Cube)
[2015.08.04-10.26.38:349][100]Cmd: DELETE
[2015.08.04-10.26.38:349][100]Cmd: ACTOR DELETE
[2015.08.04-10.26.38:349][100]LogEditorActor: Deleted Actor: StaticMeshActor
[2015.08.04-10.26.38:622][100]LogEditorActor: Deleted 1 Actors (0.273 secs)
[2015.08.04-10.26.39:299][181]LogEditorViewport: Clicking on Actor (LMB): StaticMeshActor (Cube2)
[2015.08.04-10.26.39:605][215]Cmd: DELETE
[2015.08.04-10.26.39:605][215]Cmd: ACTOR DELETE
[2015.08.04-10.26.39:605][215]LogEditorActor: Deleted Actor: StaticMeshActor
[2015.08.04-10.26.39:618][215]LogEditorActor: Deleted 1 Actors (0.013 secs)
[2015.08.04-10.26.47:120][115]LogD3D11RHI: InitD3DDevice
[2015.08.04-10.26.47:168][120]LogActorFactory: Actor Factory created Cube
[2015.08.04-10.26.48:431][271]LogActorFactory: Actor Factory created Cube
[2015.08.04-10.27.06:545][434]Cmd: EDIT COPY
[2015.08.04-10.27.06:927][479]Cmd: EDIT PASTE
[2015.08.04-10.27.28:792][ 86]LogEditorViewport: Clicking on Actor (LMB): StaticMeshActor (Cube)
[2015.08.04-10.27.53:778][ 23]LogEditorViewport: Clicking on Actor (LMB): StaticMeshActor (Cube2)
[2015.08.04-10.28.19:027][ 21]LogD3D11RHI: InitD3DDevice
[2015.08.04-10.28.19:097][ 29]LogActorFactory: Actor Factory created Cube
[2015.08.04-10.28.25:259][767]LogActorFactory: Actor Factory created Cube
[2015.08.04-10.28.26:780][947]Cmd: EDIT COPY
[2015.08.04-10.28.26:989][972]Cmd: EDIT PASTE
[2015.08.04-10.28.31:230][477]LogEditorViewport: Clicking on Actor (LMB): StaticMeshActor (Floor)
[2015.08.04-10.28.32:156][585]LogEditorViewport: Clicking on Actor (LMB): StaticMeshActor (Cube3)
[2015.08.04-10.28.36:675][122]LogEditorViewport: Clicking on Actor (LMB): StaticMeshActor (Cube4)
[2015.08.04-10.28.39:433][448]LogEditorViewport: Clicking on Actor (LMB): StaticMeshActor (Floor)
[2015.08.04-10.28.41:076][642]LogEditorViewport: Clicking on Actor (LMB): BP_Sky_Sphere_C (Sky Sphere)
[2015.08.04-10.28.55:993][429]LogD3D11RHI: InitD3DDevice
[2015.08.04-10.28.56:036][434]LogActorFactory: Actor Factory created Sphere
[2015.08.04-10.28.58:235][697]LogActorFactory: Actor Factory created Sphere
[2015.08.04-10.28.59:341][826]LogD3D11RHI: InitD3DDevice
[2015.08.04-10.28.59:410][834]LogActorFactory: Actor Factory created Sphere
[2015.08.04-10.29.02:633][218]LogActorFactory: Actor Factory created Sphere
[2015.08.04-10.29.10:174][117]LogD3D11RHI: InitD3DDevice
[2015.08.04-10.29.10:210][121]LogActorFactory: Actor Factory created Sphere
[2015.08.04-10.29.11:714][299]LogActorFactory: Actor Factory created Sphere
[2015.08.04-10.29.12:580][400]Cmd: DELETE
[2015.08.04-10.29.12:580][400]Cmd: ACTOR DELETE
[2015.08.04-10.29.12:580][400]LogEditorActor: Deleted Actor: StaticMeshActor
[2015.08.04-10.29.12:594][400]LogEditorActor: Deleted 1 Actors (0.014 secs)
[2015.08.04-10.29.13:225][476]LogEditorViewport: Clicking on Actor (LMB): StaticMeshActor (Sphere2)
[2015.08.04-10.29.13:509][507]Cmd: DELETE
[2015.08.04-10.29.13:509][507]Cmd: ACTOR DELETE
[2015.08.04-10.29.13:509][507]LogEditorActor: Deleted Actor: StaticMeshActor
[2015.08.04-10.29.13:523][507]LogEditorActor: Deleted 1 Actors (0.013 secs)
[2015.08.04-10.29.13:982][562]LogEditorViewport: Clicking on Actor (LMB): StaticMeshActor (Sphere)
[2015.08.04-10.29.14:350][603]Cmd: DELETE
[2015.08.04-10.29.14:350][603]Cmd: ACTOR DELETE
[2015.08.04-10.29.14:350][603]LogEditorActor: Deleted Actor: StaticMeshActor
[2015.08.04-10.29.14:363][603]LogEditorActor: Deleted 1 Actors (0.014 secs)
[2015.08.04-10.29.15:334][719]LogD3D11RHI: InitD3DDevice
[2015.08.04-10.29.15:373][723]LogActorFactory: Actor Factory created Cube
[2015.08.04-10.29.16:961][913]LogActorFactory: Actor Factory created Cube
[2015.08.04-10.29.24:683][834]Cmd: EDIT COPY
[2015.08.04-10.29.25:425][923]Cmd: EDIT PASTE
[2015.08.04-10.29.29:458][403]Cmd: EDIT COPY
[2015.08.04-10.29.29:691][430]Cmd: EDIT PASTE
[2015.08.04-10.29.36:415][231]LogEditorViewport: Clicking on Actor (LMB): StaticMeshActor (Cube6)
[2015.08.04-10.29.39:256][568]LogEditorViewport: Clicking on Actor (LMB): StaticMeshActor (Floor)
[2015.08.04-10.29.40:168][674]LogEditorViewport: Clicking on Actor (LMB): StaticMeshActor (Cube5)
[2015.08.04-10.29.42:770][982]Cmd: EDIT COPY
[2015.08.04-10.29.43:021][ 12]Cmd: EDIT PASTE
[2015.08.04-10.29.46:837][465]Cmd: EDIT COPY
[2015.08.04-10.29.47:104][497]Cmd: EDIT PASTE
[2015.08.04-10.29.52:051][ 87]LogEditorViewport: Clicking on Actor (LMB): StaticMeshActor (Floor)
[2015.08.04-10.29.52:568][146]LogEditorViewport: Clicking on Actor (LMB): BP_Sky_Sphere_C (Sky Sphere)
[2015.08.04-10.29.53:330][235]LogEditorViewport: Clicking on Actor (LMB): BP_Sky_Sphere_C (Sky Sphere)
[2015.08.04-10.30.03:861][494]LogEditorViewport: Clicking on Actor (LMB): StaticMeshActor (Cube2)
[2015.08.04-10.30.06:972][862]LogEditorViewport: Clicking on Actor (LMB): StaticMeshActor (Trigger links)
[2015.08.04-10.30.13:589][651]LogD3D11RHI: InitD3DDevice
[2015.08.04-10.30.13:666][660]LogActorFactory: Actor Factory created Cube
[2015.08.04-10.30.14:514][758]LogActorFactory: Actor Factory created Cube
[2015.08.04-10.30.34:879][192]Cmd: EDIT COPY
[2015.08.04-10.30.35:447][260]Cmd: EDIT PASTE
[2015.08.04-10.30.40:561][870]LogEditorViewport: Clicking on Actor (LMB): BP_Sky_Sphere_C (Sky Sphere)
[2015.08.04-10.30.56:584][764]LogD3D11RHI: InitD3DDevice
[2015.08.04-10.31.05:345][795]LogD3D11RHI: InitD3DDevice
[2015.08.04-10.31.05:474][795]Cmd: OBJ SAVEPACKAGE PACKAGE="/Temp/Untitled_1" FILE="../../../../../../../Dokumente/Unreal Projects/MyProject2/Saved/Autosaves/Temp/Untitled_1_Auto1.umap" SILENT=true AUTOSAVING=true KEEPDIRTY=false
[2015.08.04-10.31.05:509][795]LogSavePackage: Save=33.883263ms
[2015.08.04-10.31.05:509][795]LogSavePackage: Moving '../../../../../../../Dokumente/Unreal Projects/MyProject2/Saved/Untitled_1_Auto10170085E4BB98063C0043EB79A006A8E.tmp' to '../../../../../../../Dokumente/Unreal Projects/MyProject2/Saved/Autosaves/Temp/Untitled_1_Auto1.umap'
[2015.08.04-10.31.05:514][795]LogFileHelpers: Editor autosave (incl. sublevels) for '/Temp/Untitled_1' took 0.075
[2015.08.04-10.31.05:514][795]LogFileHelpers: Editor autosave (incl. sublevels) for all levels took 0.075
[2015.08.04-10.36.54:614][717]LogEditorViewport: Clicking on Actor (LMB): StaticMeshActor (Cube9)
[2015.08.04-10.36.55:687][842]LogEditorViewport: Clicking on Actor (LMB): StaticMeshActor (Cube8)
[2015.08.04-10.37.07:606][211]LogEditorViewport: Clicking on Actor (LMB): StaticMeshActor (Cube6)
[2015.08.04-10.37.09:367][418]LogEditorViewport: Clicking on Actor (LMB): StaticMeshActor (Cube7)
[2015.08.04-10.40.04:320][593]LogEditorViewport: Clicking on Actor (LMB): StaticMeshActor (Cube10)
[2015.08.04-10.40.12:147][512]LogEditorViewport: Clicking on Actor (LMB): StaticMeshActor (Cube11)
[2015.08.04-10.40.16:704][ 48]LogEditorViewport: Clicking on Actor (LMB): BP_Sky_Sphere_C (Sky Sphere)
[2015.08.04-10.40.20:013][440]LogEditorViewport: Clicking on Actor (LMB): StaticMeshActor (Cube4)
[2015.08.04-10.40.25:502][ 87]LogEditorViewport: Clicking on Actor (LMB): StaticMeshActor (Cube3)
[2015.08.04-10.40.27:956][374]LogEditorViewport: Clicking on Actor (LMB): StaticMeshActor (Floor)
[2015.08.04-10.40.28:992][491]LogEditorViewport: Clicking on Actor (LMB): BP_Sky_Sphere_C (Sky Sphere)
[2015.08.04-10.40.36:323][324]LogD3D11RHI: InitD3DDevice
[2015.08.04-10.40.56:337][324]LogD3D11RHI: InitD3DDevice
[2015.08.04-10.40.56:746][324]Cmd: OBJ SAVEPACKAGE PACKAGE="/Game/TestMapPinball" FILE="../../../../../../../Dokumente/Unreal Projects/MyProject2/Content/TestMapPinball.umap" SILENT=true AUTOSAVING=false KEEPDIRTY=false
[2015.08.04-10.40.56:798][324]LogSavePackage: Save=15.821103ms
[2015.08.04-10.40.56:798][324]LogSavePackage: Moving '../../../../../../../Dokumente/Unreal Projects/MyProject2/Saved/TestMapPinball50E4FF6747DA8D6A05368EA339ED28DD.tmp' to '../../../../../../../Dokumente/Unreal Projects/MyProject2/Content/TestMapPinball.umap'
[2015.08.04-10.40.56:816][324]LogFileHelpers: Saving map 'TestMapPinball' took 0.523
[2015.08.04-10.42.46:852][791]LogWindowsTextInputMethodSystem:Display: IME system now deactivated.
[2015.08.04-10.42.47:084][792]Cmd: QUIT_EDITOR
[2015.08.04-10.42.47:293][792]LogExit: Preparing to exit.
[2015.08.04-10.42.47:496][792]LogExit: Editor shut down
[2015.08.04-10.42.47:496][792]LogExit: Transaction tracking system shut down
[2015.08.04-10.42.47:497][792]LogParticles: Destroying 0 GPU particle simulations for FXSystem 0x0000003A5D054860
[2015.08.04-10.42.47:497][792]LogParticles: Destroying 0 GPU particle simulations for FXSystem 0x0000003A77BD8E00
[2015.08.04-10.42.47:497][792]LogParticles: Destroying 0 GPU particle simulations for FXSystem 0x0000003A62B00A40
[2015.08.04-10.42.47:497][792]LogParticles: Destroying 0 GPU particle simulations for FXSystem 0x0000003A62B009A0
[2015.08.04-10.42.47:604][792]LogExit: Object subsystem successfully closed.
[2015.08.04-10.42.47:622][792]LogD3D11RHI: Shutdown
[2015.08.04-10.42.47:622][792]LogD3D11RHI: CleanupD3DDevice
[2015.08.04-10.42.47:657][792]LogD3D11RHI: ~FD3D11DynamicRHI
[2015.08.04-10.42.47:669][792]LogModuleManager: Shutting down and abandoning module CrashTracker (188)
[2015.08.04-10.42.47:669][792]LogModuleManager: Shutting down and abandoning module SceneOutliner (187)
[2015.08.04-10.42.47:669][792]LogModuleManager: Shutting down and abandoning module SuperSearch (186)
[2015.08.04-10.42.47:669][792]LogModuleManager: Shutting down and abandoning module WidgetCarousel (185)
[2015.08.04-10.42.47:669][792]LogModuleManager: Shutting down and abandoning module AddContentDialog (184)
[2015.08.04-10.42.47:683][792]LogModuleManager: Shutting down and abandoning module EditorWidgets (183)
[2015.08.04-10.42.47:683][792]LogModuleManager: Shutting down and abandoning module CollectionManager (182)
[2015.08.04-10.42.47:683][792]LogModuleManager: Shutting down and abandoning module StatsViewer (181)
[2015.08.04-10.42.47:683][792]LogModuleManager: Shutting down and abandoning module FoliageEdit (180)
[2015.08.04-10.42.47:683][792]LogModuleManager: Shutting down and abandoning module LandscapeEditor (179)
[2015.08.04-10.42.47:683][792]LogModuleManager: Shutting down and abandoning module ActorPickerMode (178)
[2015.08.04-10.42.47:683][792]LogModuleManager: Shutting down and abandoning module GeometryMode (177)
[2015.08.04-10.42.47:683][792]LogModuleManager: Shutting down and abandoning module TextureAlignMode (176)
[2015.08.04-10.42.47:683][792]LogModuleManager: Shutting down and abandoning module BspMode (175)
[2015.08.04-10.42.47:683][792]LogModuleManager: Shutting down and abandoning module PlacementMode (174)
[2015.08.04-10.42.47:683][792]LogModuleManager: Shutting down and abandoning module AutomationWorker (173)
[2015.08.04-10.42.47:683][792]LogModuleManager: Shutting down and abandoning module CharacterAI (172)
[2015.08.04-10.42.47:683][792]LogModuleManager: Shutting down and abandoning module SmartSnapping (171)
[2015.08.04-10.42.47:683][792]LogModuleManager: Shutting down and abandoning module ViewportSnapping (170)
[2015.08.04-10.42.47:683][792]LogModuleManager: Shutting down and abandoning module LogVisualizer (169)
[2015.08.04-10.42.47:683][792]LogModuleManager: Shutting down and abandoning module GameProjectGeneration (168)
[2015.08.04-10.42.47:683][792]LogModuleManager: Shutting down and abandoning module IntroTutorials (167)
[2015.08.04-10.42.47:683][792]LogModuleManager: Shutting down and abandoning module EditorLiveStreaming (166)
[2015.08.04-10.42.47:683][792]LogModuleManager: Shutting down and abandoning module IOSPlatformEditor (165)
[2015.08.04-10.42.47:683][792]LogModuleManager: Shutting down and abandoning module HTML5PlatformEditor (164)
[2015.08.04-10.42.47:683][792]LogModuleManager: Shutting down and abandoning module AndroidDeviceDetection (163)
[2015.08.04-10.42.48:158][792]LogModuleManager: Shutting down and abandoning module AndroidPlatformEditor (162)
[2015.08.04-10.42.48:158][792]LogModuleManager: Shutting down and abandoning module IOSRuntimeSettings (161)
[2015.08.04-10.42.48:158][792]LogModuleManager: Shutting down and abandoning module AndroidRuntimeSettings (160)
[2015.08.04-10.42.48:158][792]LogModuleManager: Shutting down and abandoning module MergeActors (159)
[2015.08.04-10.42.48:158][792]LogModuleManager: Shutting down and abandoning module SizeMap (158)
[2015.08.04-10.42.48:158][792]LogModuleManager: Shutting down and abandoning module TreeMap (157)
[2015.08.04-10.42.48:158][792]LogModuleManager: Shutting down and abandoning module ReferenceViewer (156)
[2015.08.04-10.42.48:158][792]LogModuleManager: Shutting down and abandoning module LocalizationDashboard (155)
[2015.08.04-10.42.48:158][792]LogModuleManager: Shutting down and abandoning module HardwareTargeting (154)
[2015.08.04-10.42.48:158][792]LogModuleManager: Shutting down and abandoning module DeviceProfileEditor (153)
[2015.08.04-10.42.48:158][792]LogModuleManager: Shutting down and abandoning module UndoHistory (152)
[2015.08.04-10.42.48:158][792]LogModuleManager: Shutting down and abandoning module GameplayTagsEditor (151)
[2015.08.04-10.42.48:158][792]LogModuleManager: Shutting down and abandoning module UserFeedback (150)
[2015.08.04-10.42.48:158][792]LogModuleManager: Shutting down and abandoning module XmlParser (149)
[2015.08.04-10.42.48:158][792]LogModuleManager: Shutting down and abandoning module Blutility (148)
[2015.08.04-10.42.48:158][792]LogModuleManager: Shutting down and abandoning module ProjectTargetPlatformEditor (147)
[2015.08.04-10.42.48:158][792]LogModuleManager: Shutting down and abandoning module ProjectSettingsViewer (146)
[2015.08.04-10.42.48:158][792]LogModuleManager: Shutting down and abandoning module InputBindingEditor (145)
[2015.08.04-10.42.48:159][792]LogModuleManager: Shutting down and abandoning module EditorSettingsViewer (144)
[2015.08.04-10.42.48:159][792]LogModuleManager: Shutting down and abandoning module SettingsEditor (143)
[2015.08.04-10.42.48:159][792]LogModuleManager: Shutting down and abandoning module ProjectLauncher (142)
[2015.08.04-10.42.48:159][792]LogModuleManager: Shutting down and abandoning module SessionFrontend (141)
[2015.08.04-10.42.48:159][792]LogModuleManager: Shutting down and abandoning module ProfilerClient (140)
[2015.08.04-10.42.48:159][792]LogModuleManager: Shutting down and abandoning module TargetDeviceServices (139)
[2015.08.04-10.42.48:159][792]LogModuleManager: Shutting down and abandoning module DeviceManager (138)
[2015.08.04-10.42.48:159][792]LogModuleManager: Shutting down and abandoning module AutomationController (137)
[2015.08.04-10.42.48:159][792]LogModuleManager: Shutting down and abandoning module AutomationWindow (136)
[2015.08.04-10.42.48:159][792]LogModuleManager: Shutting down and abandoning module Layers (135)
[2015.08.04-10.42.48:159][792]LogModuleManager: Shutting down and abandoning module ComponentVisualizers (134)
[2015.08.04-10.42.48:159][792]LogModuleManager: Shutting down and abandoning module DetailCustomizations (133)
[2015.08.04-10.42.48:159][792]LogModuleManager: Shutting down and abandoning module PackagesDialog (132)
[2015.08.04-10.42.48:159][792]LogModuleManager: Shutting down and abandoning module AssetRegistry (131)
[2015.08.04-10.42.48:265][792]LogModuleManager: Shutting down and abandoning module Persona (130)
[2015.08.04-10.42.48:265][792]LogModuleManager: Shutting down and abandoning module Kismet (129)
[2015.08.04-10.42.48:265][792]LogModuleManager: Shutting down and abandoning module GraphEditor (128)
[2015.08.04-10.42.48:265][792]LogModuleManager: Shutting down and abandoning module ClassViewer (127)
[2015.08.04-10.42.48:265][792]LogModuleManager: Shutting down and abandoning module Toolbox (126)
[2015.08.04-10.42.48:265][792]LogModuleManager: Shutting down and abandoning module ModuleUI (125)
[2015.08.04-10.42.48:265][792]LogModuleManager: Shutting down and abandoning module MovieSceneTools (124)
[2015.08.04-10.42.48:265][792]LogModuleManager: Shutting down and abandoning module OutputLog (123)
[2015.08.04-10.42.48:265][792]LogModuleManager: Shutting down and abandoning module GammaUI (122)
[2015.08.04-10.42.48:265][792]LogModuleManager: Shutting down and abandoning module Documentation (121)
[2015.08.04-10.42.48:265][792]LogModuleManager: Shutting down and abandoning module GameLiveStreaming (120)
[2015.08.04-10.42.48:265][792]LogModuleManager: Shutting down and abandoning module StreamingPauseRendering (119)
[2015.08.04-10.42.48:265][792]LogModuleManager: Shutting down and abandoning module AnalyticsET (118)
[2015.08.04-10.42.48:265][792]LogModuleManager: Shutting down and abandoning module Analytics (117)
[2015.08.04-10.42.48:266][792]LogModuleManager: Shutting down and abandoning module AITestSuite (116)
[2015.08.04-10.42.48:266][792]LogModuleManager: Shutting down and abandoning module GameplayDebugger (115)
[2015.08.04-10.42.48:266][792]LogModuleManager: Shutting down and abandoning module AIModule (114)
[2015.08.04-10.42.48:266][792]LogModuleManager: Shutting down and abandoning module ProfilerService (113)
[2015.08.04-10.42.48:466][792]LogModuleManager: Shutting down and abandoning module TaskGraph (112)
[2015.08.04-10.42.48:466][792]LogModuleManager: Shutting down and abandoning module SlateRemote (111)
[2015.08.04-10.42.48:466][792]LogModuleManager: Shutting down and abandoning module SteamVRController (110)
[2015.08.04-10.42.48:466][792]LogModuleManager: Shutting down and abandoning module SteamVR (109)
[2015.08.04-10.42.48:466][792]LogModuleManager: Shutting down and abandoning module ProceduralMeshComponent (108)
[2015.08.04-10.42.48:466][792]LogModuleManager: Shutting down and abandoning module OculusRift (107)
[2015.08.04-10.42.48:466][792]LogModuleManager: Shutting down and abandoning module LeapMotionController (106)
[2015.08.04-10.42.48:502][792]LogModuleManager: Shutting down and abandoning module CustomMeshComponent (105)
[2015.08.04-10.42.48:502][792]LogModuleManager: Shutting down and abandoning module CableComponent (104)
[2015.08.04-10.42.48:503][792]LogModuleManager: Shutting down and abandoning module MessagingDebugger (103)
[2015.08.04-10.42.48:503][792]LogModuleManager: Shutting down and abandoning module MediaPlayerEditor (102)
[2015.08.04-10.42.48:503][792]LogModuleManager: Shutting down and abandoning module SpeedTreeImporter (101)
[2015.08.04-10.42.48:503][792]LogModuleManager: Shutting down and abandoning module PluginBrowser (100)
[2015.08.04-10.42.48:503][792]LogModuleManager: Shutting down and abandoning module EpicSurvey (99)
[2015.08.04-10.42.48:503][792]LogModuleManager: Shutting down and abandoning module DesktopPlatform (98)
[2015.08.04-10.42.48:503][792]LogModuleManager: Shutting down and abandoning module VisualStudioSourceCodeAccess (97)
[2015.08.04-10.42.48:503][792]LogModuleManager: Shutting down and abandoning module UObjectPlugin (96)
[2015.08.04-10.42.48:503][792]LogModuleManager: Shutting down and abandoning module SubversionSourceControl (95)
[2015.08.04-10.42.48:503][792]LogModuleManager: Shutting down and abandoning module PerforceSourceControl (94)
[2015.08.04-10.42.48:503][792]LogModuleManager: Shutting down and abandoning module SourceControl (93)
[2015.08.04-10.42.48:503][792]LogModuleManager: Shutting down and abandoning module GitSourceControl (92)
[2015.08.04-10.42.48:503][792]LogModuleManager: Shutting down and abandoning module BlankPlugin (91)
[2015.08.04-10.42.48:503][792]LogModuleManager: Shutting down and abandoning module PaperTiledImporter (90)
[2015.08.04-10.42.48:503][792]LogModuleManager: Shutting down and abandoning module PaperSpriteSheetImporter (89)
[2015.08.04-10.42.48:503][792]LogModuleManager: Shutting down and abandoning module MeshPaint (88)
[2015.08.04-10.42.48:503][792]LogModuleManager: Shutting down and abandoning module SlateReflector (87)
[2015.08.04-10.42.48:503][792]LogModuleManager: Shutting down and abandoning module DirectoryWatcher (86)
[2015.08.04-10.42.48:503][792]LogModuleManager: Shutting down and abandoning module HotReload (85)
[2015.08.04-10.42.48:503][792]LogModuleManager: Shutting down and abandoning module MainFrame (84)
[2015.08.04-10.42.48:503][792]LogModuleManager: Shutting down and abandoning module LevelEditor (83)
[2015.08.04-10.42.48:504][792]LogModuleManager: Shutting down and abandoning module ContentBrowser (82)
[2015.08.04-10.42.48:505][792]LogModuleManager: Shutting down and abandoning module Paper2DEditor (81)
[2015.08.04-10.42.48:505][792]LogModuleManager: Shutting down and abandoning module UdpMessaging (80)
[2015.08.04-10.42.48:606][792]LogModuleManager: Shutting down and abandoning module Paper2D (79)
[2015.08.04-10.42.48:606][792]LogModuleManager: Shutting down and abandoning module WindowsMoviePlayer (78)
[2015.08.04-10.42.48:613][792]LogModuleManager: Shutting down and abandoning module Media (77)
[2015.08.04-10.42.48:613][792]LogModuleManager: Shutting down and abandoning module WmfMedia (76)
[2015.08.04-10.42.48:613][792]LogModuleManager: Shutting down and abandoning module OnlineBlueprintSupport (75)
[2015.08.04-10.42.48:613][792]LogModuleManager: Shutting down and abandoning module PropertyEditor (74)
[2015.08.04-10.42.48:613][792]LogModuleManager: Shutting down and abandoning module BehaviorTreeEditor (73)
[2015.08.04-10.42.48:613][792]LogModuleManager: Shutting down and abandoning module FunctionalTesting (72)
[2015.08.04-10.42.48:613][792]LogModuleManager: Shutting down and abandoning module CollisionAnalyzer (71)
[2015.08.04-10.42.48:613][792]LogModuleManager: Shutting down and abandoning module WorkspaceMenuStructure (70)
[2015.08.04-10.42.48:613][792]LogModuleManager: Shutting down and abandoning module MessageLog (69)
[2015.08.04-10.42.48:613][792]LogModuleManager: Shutting down and abandoning module Sequencer (68)
[2015.08.04-10.42.48:614][792]LogModuleManager: Shutting down and abandoning module AssetTools (67)
[2015.08.04-10.42.48:614][792]LogModuleManager: Shutting down and abandoning module UMGEditor (66)
[2015.08.04-10.42.48:614][792]LogModuleManager: Shutting down and abandoning module UMG (65)
[2015.08.04-10.42.48:614][792]LogModuleManager: Shutting down and abandoning module Slate (64)
[2015.08.04-10.42.48:614][792]LogModuleManager: Shutting down and abandoning module EditorStyle (63)
[2015.08.04-10.42.48:616][792]LogModuleManager: Shutting down and abandoning module SessionServices (62)
[2015.08.04-10.42.48:616][792]LogModuleManager: Shutting down and abandoning module SourceCodeAccess (61)
[2015.08.04-10.42.48:616][792]LogModuleManager: Shutting down and abandoning module HeadMountedDisplay (60)
[2015.08.04-10.42.48:616][792]LogModuleManager: Shutting down and abandoning module XAudio2 (59)
[2015.08.04-10.42.48:616][792]LogModuleManager: Shutting down and abandoning module Networking (57)
[2015.08.04-10.42.48:616][792]LogModuleManager: Shutting down and abandoning module Core (56)
[2015.08.04-10.42.48:616][792]LogModuleManager: Shutting down and abandoning module KismetCompiler (55)
[2015.08.04-10.42.48:616][792]LogModuleManager: Shutting down and abandoning module PhysXFormats (54)
[2015.08.04-10.42.48:616][792]LogModuleManager: Shutting down and abandoning module MeshUtilities (53)
[2015.08.04-10.42.48:616][792]LogModuleManager: Shutting down and abandoning module DerivedDataCache (52)
[2015.08.04-10.42.48:674][792]LogDerivedDataCache: Shutdown
[2015.08.04-10.42.48:674][792]LogModuleManager: Shutting down and abandoning module ShaderFormatOpenGL (51)
[2015.08.04-10.42.48:674][792]LogModuleManager: Shutting down and abandoning module ShaderFormatD3D (50)
[2015.08.04-10.42.48:674][792]LogModuleManager: Shutting down and abandoning module MetalShaderFormat (49)
[2015.08.04-10.42.48:675][792]LogModuleManager: Shutting down and abandoning module TextureFormatUncompressed (48)
[2015.08.04-10.42.48:675][792]LogModuleManager: Shutting down and abandoning module TextureFormatPVR (47)
[2015.08.04-10.42.48:675][792]LogModuleManager: Shutting down and abandoning module TextureFormatIntelISPCTexComp (46)
[2015.08.04-10.42.48:675][792]LogModuleManager: Shutting down and abandoning module TextureFormatDXT (45)
[2015.08.04-10.42.48:675][792]LogModuleManager: Shutting down and abandoning module ImageWrapper (44)
[2015.08.04-10.42.48:675][792]LogModuleManager: Shutting down and abandoning module TextureFormatASTC (43)
[2015.08.04-10.42.48:675][792]LogModuleManager: Shutting down and abandoning module TextureFormatAndroid (42)
[2015.08.04-10.42.48:675][792]LogModuleManager: Shutting down and abandoning module AudioFormatOpus (41)
[2015.08.04-10.42.48:675][792]LogModuleManager: Shutting down and abandoning module AudioFormatOgg (40)
[2015.08.04-10.42.48:675][792]LogModuleManager: Shutting down and abandoning module AudioFormatADPCM (39)
[2015.08.04-10.42.48:675][792]LogModuleManager: Shutting down and abandoning module LinuxTargetPlatform (38)
[2015.08.04-10.42.48:675][792]LogModuleManager: Shutting down and abandoning module LinuxServerTargetPlatform (37)
[2015.08.04-10.42.48:675][792]LogModuleManager: Shutting down and abandoning module LinuxNoEditorTargetPlatform (36)
[2015.08.04-10.42.48:675][792]LogModuleManager: Shutting down and abandoning module Messaging (35)
[2015.08.04-10.42.48:675][792]LogModuleManager: Shutting down and abandoning module IOSTargetPlatform (34)
[2015.08.04-10.42.48:675][792]LogModuleManager: Shutting down and abandoning module HTML5TargetPlatform (33)
[2015.08.04-10.42.48:675][792]LogModuleManager: Shutting down and abandoning module Android_PVRTCTargetPlatform (32)
[2015.08.04-10.42.48:675][792]LogModuleManager: Shutting down and abandoning module Android_ETC2TargetPlatform (31)
[2015.08.04-10.42.48:675][792]LogModuleManager: Shutting down and abandoning module Android_ETC1TargetPlatform (30)
[2015.08.04-10.42.48:675][792]LogModuleManager: Shutting down and abandoning module Android_DXTTargetPlatform (29)
[2015.08.04-10.42.48:675][792]LogModuleManager: Shutting down and abandoning module Android_ATCTargetPlatform (28)
[2015.08.04-10.42.48:675][792]LogModuleManager: Shutting down and abandoning module Android_ASTCTargetPlatform (27)
[2015.08.04-10.42.48:675][792]LogModuleManager: Shutting down and abandoning module AndroidTargetPlatform (26)
[2015.08.04-10.42.48:675][792]LogModuleManager: Shutting down and abandoning module WindowsTargetPlatform (25)
[2015.08.04-10.42.48:675][792]LogModuleManager: Shutting down and abandoning module WindowsServerTargetPlatform (24)
[2015.08.04-10.42.48:675][792]LogModuleManager: Shutting down and abandoning module WindowsNoEditorTargetPlatform (23)
[2015.08.04-10.42.48:675][792]LogModuleManager: Shutting down and abandoning module WindowsClientTargetPlatform (22)
[2015.08.04-10.42.48:675][792]LogModuleManager: Shutting down and abandoning module DesktopTargetPlatform (21)
[2015.08.04-10.42.48:675][792]LogModuleManager: Shutting down and abandoning module TargetPlatform (20)
[2015.08.04-10.42.48:675][792]LogModuleManager: Shutting down and abandoning module InputCore (19)
[2015.08.04-10.42.48:675][792]LogModuleManager: Shutting down and abandoning module Settings (18)
[2015.08.04-10.42.48:675][792]LogModuleManager: Shutting down and abandoning module OnlineSubsystem (16)
[2015.08.04-10.42.48:675][792]LogModuleManager: Shutting down and abandoning module HTTP (15)
[2015.08.04-10.42.48:676][792]LogModuleManager: Shutting down and abandoning module ExampleDeviceProfileSelector (14)
[2015.08.04-10.42.48:676][792]LogModuleManager: Shutting down and abandoning module TextureCompressor (13)
[2015.08.04-10.42.48:676][792]LogModuleManager: Shutting down and abandoning module ShaderCore (12)
[2015.08.04-10.42.48:676][792]LogModuleManager: Shutting down and abandoning module Landscape (11)
[2015.08.04-10.42.48:676][792]LogModuleManager: Shutting down and abandoning module SlateRHIRenderer (10)
[2015.08.04-10.42.48:678][792]LogModuleManager: Shutting down and abandoning module OpenGLDrv (9)
[2015.08.04-10.42.48:678][792]LogModuleManager: Shutting down and abandoning module D3D11RHI (8)
[2015.08.04-10.42.48:678][792]LogModuleManager: Shutting down and abandoning module Renderer (7)
[2015.08.04-10.42.48:678][792]LogModuleManager: Shutting down and abandoning module Engine (6)
[2015.08.04-10.42.48:678][792]LogModuleManager: Shutting down and abandoning module CoreUObject (5)
[2015.08.04-10.42.48:678][792]LogModuleManager: Shutting down and abandoning module NetworkFile (4)
[2015.08.04-10.42.48:678][792]LogModuleManager: Shutting down and abandoning module StreamingFile (3)
[2015.08.04-10.42.48:678][792]LogModuleManager: Shutting down and abandoning module SandboxFile (2)
[2015.08.04-10.42.48:678][792]LogModuleManager: Shutting down and abandoning module PakFile (1)
[2015.08.04-10.42.48:678][792]LogExit: Exiting.
[2015.08.04-10.42.48:689][792]Log file closed, 08/04/15 12:42:48
